<?xml version="1.0" encoding="UTF-8"?>
<testsuite name="CourseVectorTest" tests="1" skipped="0" failures="0" errors="0" timestamp="2021-02-22T23:41:49" hostname="LAPTOP-7DGNM8CM" time="0.031">
  <properties/>
  <testcase name="shouldNotUpdateStudent()" classname="CourseVectorTest" time="0.031"/>
  <system-out><![CDATA[]]></system-out>
  <system-err><![CDATA[]]></system-err>
</testsuite>
